<?xml version="1.0" encoding="UTF-8"?>
<testng-results ignored="0" total="1" passed="1" failed="0" skipped="0">
  <reporter-output>
  </reporter-output>
  <suite started-at="2022-10-15T17:51:20 PDT" name="Default suite" finished-at="2022-10-15T17:51:22 PDT" duration-ms="2023">
    <groups>
    </groups>
    <test started-at="2022-10-15T17:51:20 PDT" name="Default test" finished-at="2022-10-15T17:51:22 PDT" duration-ms="2023">
      <class name="ReqResAPIFramework.UpdateUser">
        <test-method signature="UpdateUser()[pri:0, instance:ReqResAPIFramework.UpdateUser@71ba6d4e]" started-at="2022-10-15T17:51:20 PDT" name="UpdateUser" finished-at="2022-10-15T17:51:22 PDT" duration-ms="1988" status="PASS">
          <reporter-output>
          </reporter-output>
        </test-method> <!-- UpdateUser -->
      </class> <!-- ReqResAPIFramework.UpdateUser -->
    </test> <!-- Default test -->
  </suite> <!-- Default suite -->
</testng-results>
