<?xml version="1.0" encoding="UTF-8"?>
<testsuite xmlns:xsi="http://www.w3.org/2001/XMLSchema-instance" xsi:schemaLocation="https://maven.apache.org/surefire/maven-surefire-plugin/xsd/surefire-test-report.xsd" name="api.test.runner.Runner" time="4.351" tests="6" errors="0" skipped="0" failures="0">
  <properties>
[...]
</properties>
  <testcase name="runScenario" classname="api.test.runner.Runner" time="2.125"/>
  <testcase name="runScenario" classname="api.test.runner.Runner" time="0.384"/>
  <testcase name="runScenario" classname="api.test.runner.Runner" time="0.138"/>
  <testcase name="runScenario" classname="api.test.runner.Runner" time="0.013"/>
  <testcase name="runScenario" classname="api.test.runner.Runner" time="0.412"/>
  <testcase name="runScenario" classname="api.test.runner.Runner" time="0.402"/>
</testsuite>