<?xml version="1.0" encoding="UTF-8"?>
<testng-results ignored="0" total="6" passed="6" failed="0" skipped="0">
  <reporter-output>
  </reporter-output>
  <suite started-at="2022-10-15T17:52:05 PDT" name="Surefire suite" finished-at="2022-10-15T17:52:09 PDT" duration-ms="3963">
    <groups>
      <group name="cucumber">
        <method signature="AbstractTestNGCucumberTests.runScenario(io.cucumber.testng.PickleWrapper,io.cucumber.testng.FeatureWrapper)[pri:0, instance:api.test.runner.Runner@55740540]" name="runScenario" class="io.cucumber.testng.AbstractTestNGCucumberTests"/>
      </group> <!-- cucumber -->
    </groups>
    <test started-at="2022-10-15T17:52:05 PDT" name="Surefire test" finished-at="2022-10-15T17:52:09 PDT" duration-ms="3963">
      <class name="api.test.runner.Runner">
        <test-method is-config="true" signature="setUpClass()[pri:0, instance:api.test.runner.Runner@55740540]" started-at="2022-10-15T17:52:05 PDT" name="setUpClass" finished-at="2022-10-15T17:52:05 PDT" duration-ms="356" status="PASS">
          <reporter-output>
          </reporter-output>
        </test-method> <!-- setUpClass -->
        <test-method signature="runScenario(io.cucumber.testng.PickleWrapper,io.cucumber.testng.FeatureWrapper)[pri:0, instance:api.test.runner.Runner@55740540]" started-at="2022-10-15T17:52:05 PDT" name="runScenario" description="Runs Cucumber Scenarios" data-provider="scenarios" finished-at="2022-10-15T17:52:07 PDT" duration-ms="2121" status="PASS">
          <params>
            <param index="0">
              <value>
                <![CDATA["Successful Login"]]>
              </value>
            </param>
            <param index="1">
              <value>
                <![CDATA["Optional[Basic CRUD on ReqRes API]"]]>
              </value>
            </param>
          </params>
          <reporter-output>
          </reporter-output>
        </test-method> <!-- runScenario -->
        <test-method signature="runScenario(io.cucumber.testng.PickleWrapper,io.cucumber.testng.FeatureWrapper)[pri:0, instance:api.test.runner.Runner@55740540]" started-at="2022-10-15T17:52:07 PDT" name="runScenario" description="Runs Cucumber Scenarios" data-provider="scenarios" finished-at="2022-10-15T17:52:08 PDT" duration-ms="389" status="PASS">
          <params>
            <param index="0">
              <value>
                <![CDATA["UnSuccessful Login"]]>
              </value>
            </param>
            <param index="1">
              <value>
                <![CDATA["Optional[Basic CRUD on ReqRes API]"]]>
              </value>
            </param>
          </params>
          <reporter-output>
          </reporter-output>
        </test-method> <!-- runScenario -->
        <test-method signature="runScenario(io.cucumber.testng.PickleWrapper,io.cucumber.testng.FeatureWrapper)[pri:0, instance:api.test.runner.Runner@55740540]" started-at="2022-10-15T17:52:08 PDT" name="runScenario" description="Runs Cucumber Scenarios" data-provider="scenarios" finished-at="2022-10-15T17:52:08 PDT" duration-ms="137" status="PASS">
          <params>
            <param index="0">
              <value>
                <![CDATA["Get SingleUser Details"]]>
              </value>
            </param>
            <param index="1">
              <value>
                <![CDATA["Optional[Basic CRUD on ReqRes API]"]]>
              </value>
            </param>
          </params>
          <reporter-output>
          </reporter-output>
        </test-method> <!-- runScenario -->
        <test-method signature="runScenario(io.cucumber.testng.PickleWrapper,io.cucumber.testng.FeatureWrapper)[pri:0, instance:api.test.runner.Runner@55740540]" started-at="2022-10-15T17:52:08 PDT" name="runScenario" description="Runs Cucumber Scenarios" data-provider="scenarios" finished-at="2022-10-15T17:52:08 PDT" duration-ms="13" status="PASS">
          <params>
            <param index="0">
              <value>
                <![CDATA["Get AllUser Details"]]>
              </value>
            </param>
            <param index="1">
              <value>
                <![CDATA["Optional[Basic CRUD on ReqRes API]"]]>
              </value>
            </param>
          </params>
          <reporter-output>
          </reporter-output>
        </test-method> <!-- runScenario -->
        <test-method signature="runScenario(io.cucumber.testng.PickleWrapper,io.cucumber.testng.FeatureWrapper)[pri:0, instance:api.test.runner.Runner@55740540]" started-at="2022-10-15T17:52:08 PDT" name="runScenario" description="Runs Cucumber Scenarios" data-provider="scenarios" finished-at="2022-10-15T17:52:08 PDT" duration-ms="411" status="PASS">
          <params>
            <param index="0">
              <value>
                <![CDATA["Create new User"]]>
              </value>
            </param>
            <param index="1">
              <value>
                <![CDATA["Optional[Basic CRUD on ReqRes API]"]]>
              </value>
            </param>
          </params>
          <reporter-output>
          </reporter-output>
        </test-method> <!-- runScenario -->
        <test-method signature="runScenario(io.cucumber.testng.PickleWrapper,io.cucumber.testng.FeatureWrapper)[pri:0, instance:api.test.runner.Runner@55740540]" started-at="2022-10-15T17:52:08 PDT" name="runScenario" description="Runs Cucumber Scenarios" data-provider="scenarios" finished-at="2022-10-15T17:52:09 PDT" duration-ms="402" status="PASS">
          <params>
            <param index="0">
              <value>
                <![CDATA["Update User Details"]]>
              </value>
            </param>
            <param index="1">
              <value>
                <![CDATA["Optional[Basic CRUD on ReqRes API]"]]>
              </value>
            </param>
          </params>
          <reporter-output>
          </reporter-output>
        </test-method> <!-- runScenario -->
        <test-method is-config="true" signature="tearDownClass()[pri:0, instance:api.test.runner.Runner@55740540]" started-at="2022-10-15T17:52:09 PDT" name="tearDownClass" finished-at="2022-10-15T17:52:09 PDT" duration-ms="94" status="PASS">
          <reporter-output>
          </reporter-output>
        </test-method> <!-- tearDownClass -->
      </class> <!-- api.test.runner.Runner -->
    </test> <!-- Surefire test -->
  </suite> <!-- Surefire suite -->
</testng-results>
